<?xml version="1.0" encoding="UTF-8"?>
<!DOCTYPE coverage SYSTEM "http://cobertura.sourceforge.net/xml/coverage-04.dtd">
<coverage line-rate="0.00074183976261128" branch-rate="0" lines-covered="2" lines-valid="2696" branches-covered="0" branches-valid="0" complexity="1054" version="0.4" timestamp="1763103629">
  <sources>
    <source>/home/brijeshdhaker/IdeaProjects/creativelights.in/src/main/php</source>
  </sources>
  <packages>
    <package name="CONSTANTS.php" line-rate="0" branch-rate="0" complexity="0">
      <classes/>
    </package>
    <package name="FileIterator.php" line-rate="0" branch-rate="0" complexity="12">
      <classes>
        <class name="FileIterator" filename="FileIterator.php" line-rate="0" branch-rate="0" complexity="12">
          <methods>
            <method name="__construct" signature="$file" line-rate="0" branch-rate="0" complexity="3">
              <lines>
                <line number="37" hits="0"/>
                <line number="38" hits="0"/>
                <line number="41" hits="0"/>
                <line number="43" hits="0"/>
                <line number="44" hits="0"/>
                <line number="45" hits="0"/>
                <line number="46" hits="0"/>
              </lines>
            </method>
            <method name="rewind" signature="" line-rate="0" branch-rate="0" complexity="1">
              <lines>
                <line number="52" hits="0"/>
              </lines>
            </method>
            <method name="current" signature="" line-rate="0" branch-rate="0" complexity="2">
              <lines>
                <line number="57" hits="0"/>
                <line number="58" hits="0"/>
              </lines>
            </method>
            <method name="next" signature="" line-rate="0" branch-rate="0" complexity="2">
              <lines>
                <line number="64" hits="0"/>
                <line number="65" hits="0"/>
              </lines>
            </method>
            <method name="seek" signature="$pos" line-rate="0" branch-rate="0" complexity="3">
              <lines>
                <line number="70" hits="0"/>
                <line number="71" hits="0"/>
                <line number="73" hits="0"/>
              </lines>
            </method>
            <method name="count" signature="" line-rate="0" branch-rate="0" complexity="1">
              <lines>
                <line number="77" hits="0"/>
              </lines>
            </method>
          </methods>
          <lines>
            <line number="37" hits="0"/>
            <line number="38" hits="0"/>
            <line number="41" hits="0"/>
            <line number="43" hits="0"/>
            <line number="44" hits="0"/>
            <line number="45" hits="0"/>
            <line number="46" hits="0"/>
            <line number="52" hits="0"/>
            <line number="57" hits="0"/>
            <line number="58" hits="0"/>
            <line number="64" hits="0"/>
            <line number="65" hits="0"/>
            <line number="70" hits="0"/>
            <line number="71" hits="0"/>
            <line number="73" hits="0"/>
            <line number="77" hits="0"/>
          </lines>
        </class>
      </classes>
    </package>
    <package name="OnclickEnv.php" line-rate="0.020833333333333" branch-rate="0" complexity="22">
      <classes>
        <class name="OnclickEnv" filename="OnclickEnv.php" line-rate="0.020833333333333" branch-rate="0" complexity="22">
          <methods>
            <method name="getEnvName" signature="" line-rate="0.66666666666667" branch-rate="0" complexity="2">
              <lines>
                <line number="6" hits="1"/>
                <line number="7" hits="0"/>
                <line number="9" hits="1"/>
              </lines>
            </method>
            <method name="isWebRequest" signature="" line-rate="0" branch-rate="0" complexity="1">
              <lines>
                <line number="14" hits="0"/>
              </lines>
            </method>
            <method name="getAppName" signature="" line-rate="0" branch-rate="0" complexity="1">
              <lines>
                <line number="18" hits="0"/>
              </lines>
            </method>
            <method name="getRepositoryPath" signature="" line-rate="0" branch-rate="0" complexity="1">
              <lines>
                <line number="22" hits="0"/>
                <line number="23" hits="0"/>
                <line number="24" hits="0"/>
              </lines>
            </method>
            <method name="getDomain" signature="" line-rate="0" branch-rate="0" complexity="1">
              <lines>
                <line number="29" hits="0"/>
                <line number="30" hits="0"/>
              </lines>
            </method>
            <method name="getRepoDomain" signature="" line-rate="0" branch-rate="0" complexity="7">
              <lines>
                <line number="35" hits="0"/>
                <line number="36" hits="0"/>
                <line number="38" hits="0"/>
                <line number="39" hits="0"/>
                <line number="41" hits="0"/>
                <line number="42" hits="0"/>
                <line number="44" hits="0"/>
                <line number="45" hits="0"/>
                <line number="47" hits="0"/>
                <line number="48" hits="0"/>
                <line number="50" hits="0"/>
                <line number="51" hits="0"/>
                <line number="53" hits="0"/>
                <line number="54" hits="0"/>
                <line number="56" hits="0"/>
              </lines>
            </method>
            <method name="getFtpHotInfo" signature="" line-rate="0" branch-rate="0" complexity="6">
              <lines>
                <line number="60" hits="0"/>
                <line number="61" hits="0"/>
                <line number="63" hits="0"/>
                <line number="64" hits="0"/>
                <line number="65" hits="0"/>
                <line number="66" hits="0"/>
                <line number="68" hits="0"/>
                <line number="69" hits="0"/>
                <line number="70" hits="0"/>
                <line number="71" hits="0"/>
                <line number="73" hits="0"/>
                <line number="74" hits="0"/>
                <line number="75" hits="0"/>
                <line number="76" hits="0"/>
                <line number="78" hits="0"/>
                <line number="79" hits="0"/>
                <line number="80" hits="0"/>
                <line number="81" hits="0"/>
                <line number="83" hits="0"/>
                <line number="84" hits="0"/>
                <line number="85" hits="0"/>
                <line number="86" hits="0"/>
                <line number="88" hits="0"/>
              </lines>
            </method>
            <method name="serverProperties" signature="" line-rate="0" branch-rate="0" complexity="3">
              <lines>
                <line number="92" hits="0"/>
                <line number="93" hits="0"/>
                <line number="94" hits="0"/>
                <line number="95" hits="0"/>
                <line number="96" hits="0"/>
                <line number="97" hits="0"/>
                <line number="98" hits="0"/>
                <line number="99" hits="0"/>
                <line number="100" hits="0"/>
                <line number="101" hits="0"/>
                <line number="102" hits="0"/>
                <line number="103" hits="0"/>
                <line number="104" hits="0"/>
                <line number="105" hits="0"/>
                <line number="106" hits="0"/>
                <line number="107" hits="0"/>
                <line number="108" hits="0"/>
                <line number="109" hits="0"/>
                <line number="110" hits="0"/>
                <line number="111" hits="0"/>
                <line number="112" hits="0"/>
                <line number="113" hits="0"/>
                <line number="114" hits="0"/>
                <line number="115" hits="0"/>
                <line number="116" hits="0"/>
                <line number="117" hits="0"/>
                <line number="118" hits="0"/>
                <line number="119" hits="0"/>
                <line number="120" hits="0"/>
                <line number="121" hits="0"/>
                <line number="122" hits="0"/>
                <line number="123" hits="0"/>
                <line number="124" hits="0"/>
                <line number="125" hits="0"/>
                <line number="126" hits="0"/>
                <line number="127" hits="0"/>
                <line number="128" hits="0"/>
                <line number="129" hits="0"/>
                <line number="130" hits="0"/>
                <line number="131" hits="0"/>
                <line number="132" hits="0"/>
                <line number="133" hits="0"/>
                <line number="135" hits="0"/>
                <line number="136" hits="0"/>
                <line number="137" hits="0"/>
                <line number="138" hits="0"/>
                <line number="140" hits="0"/>
                <line number="143" hits="0"/>
              </lines>
            </method>
          </methods>
          <lines>
            <line number="6" hits="1"/>
            <line number="7" hits="0"/>
            <line number="9" hits="1"/>
            <line number="14" hits="0"/>
            <line number="18" hits="0"/>
            <line number="22" hits="0"/>
            <line number="23" hits="0"/>
            <line number="24" hits="0"/>
            <line number="29" hits="0"/>
            <line number="30" hits="0"/>
            <line number="35" hits="0"/>
            <line number="36" hits="0"/>
            <line number="38" hits="0"/>
            <line number="39" hits="0"/>
            <line number="41" hits="0"/>
            <line number="42" hits="0"/>
            <line number="44" hits="0"/>
            <line number="45" hits="0"/>
            <line number="47" hits="0"/>
            <line number="48" hits="0"/>
            <line number="50" hits="0"/>
            <line number="51" hits="0"/>
            <line number="53" hits="0"/>
            <line number="54" hits="0"/>
            <line number="56" hits="0"/>
            <line number="60" hits="0"/>
            <line number="61" hits="0"/>
            <line number="63" hits="0"/>
            <line number="64" hits="0"/>
            <line number="65" hits="0"/>
            <line number="66" hits="0"/>
            <line number="68" hits="0"/>
            <line number="69" hits="0"/>
            <line number="70" hits="0"/>
            <line number="71" hits="0"/>
            <line number="73" hits="0"/>
            <line number="74" hits="0"/>
            <line number="75" hits="0"/>
            <line number="76" hits="0"/>
            <line number="78" hits="0"/>
            <line number="79" hits="0"/>
            <line number="80" hits="0"/>
            <line number="81" hits="0"/>
            <line number="83" hits="0"/>
            <line number="84" hits="0"/>
            <line number="85" hits="0"/>
            <line number="86" hits="0"/>
            <line number="88" hits="0"/>
            <line number="92" hits="0"/>
            <line number="93" hits="0"/>
            <line number="94" hits="0"/>
            <line number="95" hits="0"/>
            <line number="96" hits="0"/>
            <line number="97" hits="0"/>
            <line number="98" hits="0"/>
            <line number="99" hits="0"/>
            <line number="100" hits="0"/>
            <line number="101" hits="0"/>
            <line number="102" hits="0"/>
            <line number="103" hits="0"/>
            <line number="104" hits="0"/>
            <line number="105" hits="0"/>
            <line number="106" hits="0"/>
            <line number="107" hits="0"/>
            <line number="108" hits="0"/>
            <line number="109" hits="0"/>
            <line number="110" hits="0"/>
            <line number="111" hits="0"/>
            <line number="112" hits="0"/>
            <line number="113" hits="0"/>
            <line number="114" hits="0"/>
            <line number="115" hits="0"/>
            <line number="116" hits="0"/>
            <line number="117" hits="0"/>
            <line number="118" hits="0"/>
            <line number="119" hits="0"/>
            <line number="120" hits="0"/>
            <line number="121" hits="0"/>
            <line number="122" hits="0"/>
            <line number="123" hits="0"/>
            <line number="124" hits="0"/>
            <line number="125" hits="0"/>
            <line number="126" hits="0"/>
            <line number="127" hits="0"/>
            <line number="128" hits="0"/>
            <line number="129" hits="0"/>
            <line number="130" hits="0"/>
            <line number="131" hits="0"/>
            <line number="132" hits="0"/>
            <line number="133" hits="0"/>
            <line number="135" hits="0"/>
            <line number="136" hits="0"/>
            <line number="137" hits="0"/>
            <line number="138" hits="0"/>
            <line number="140" hits="0"/>
            <line number="143" hits="0"/>
          </lines>
        </class>
      </classes>
    </package>
    <package name="ResultIterator.php" line-rate="0" branch-rate="0" complexity="12">
      <classes>
        <class name="ResultIterator" filename="ResultIterator.php" line-rate="0" branch-rate="0" complexity="12">
          <methods>
            <method name="__construct" signature="$result" line-rate="0" branch-rate="0" complexity="3">
              <lines>
                <line number="10" hits="0"/>
                <line number="11" hits="0"/>
                <line number="14" hits="0"/>
                <line number="16" hits="0"/>
                <line number="17" hits="0"/>
                <line number="18" hits="0"/>
              </lines>
            </method>
            <method name="rewind" signature="" line-rate="0" branch-rate="0" complexity="1">
              <lines>
                <line number="23" hits="0"/>
              </lines>
            </method>
            <method name="current" signature="" line-rate="0" branch-rate="0" complexity="2">
              <lines>
                <line number="27" hits="0"/>
                <line number="28" hits="0"/>
              </lines>
            </method>
            <method name="next" signature="" line-rate="0" branch-rate="0" complexity="2">
              <lines>
                <line number="33" hits="0"/>
                <line number="34" hits="0"/>
              </lines>
            </method>
            <method name="seek" signature="$pos" line-rate="0" branch-rate="0" complexity="3">
              <lines>
                <line number="39" hits="0"/>
                <line number="40" hits="0"/>
                <line number="42" hits="0"/>
              </lines>
            </method>
            <method name="count" signature="" line-rate="0" branch-rate="0" complexity="1">
              <lines>
                <line number="46" hits="0"/>
              </lines>
            </method>
          </methods>
          <lines>
            <line number="10" hits="0"/>
            <line number="11" hits="0"/>
            <line number="14" hits="0"/>
            <line number="16" hits="0"/>
            <line number="17" hits="0"/>
            <line number="18" hits="0"/>
            <line number="23" hits="0"/>
            <line number="27" hits="0"/>
            <line number="28" hits="0"/>
            <line number="33" hits="0"/>
            <line number="34" hits="0"/>
            <line number="39" hits="0"/>
            <line number="40" hits="0"/>
            <line number="42" hits="0"/>
            <line number="46" hits="0"/>
          </lines>
        </class>
      </classes>
    </package>
    <package name="dao/DBHelper.php" line-rate="0" branch-rate="0" complexity="0">
      <classes/>
    </package>
    <package name="dao/DBTest.php" line-rate="0" branch-rate="0" complexity="0">
      <classes/>
    </package>
    <package name="dao/DataSourceInfo.php" line-rate="0" branch-rate="0" complexity="17">
      <classes>
        <class name="DataSourceInfo" filename="dao/DataSourceInfo.php" line-rate="0" branch-rate="0" complexity="17">
          <methods>
            <method name="__construct" signature="$driver" line-rate="0" branch-rate="0" complexity="8">
              <lines>
                <line number="30" hits="0"/>
                <line number="31" hits="0"/>
                <line number="34" hits="0"/>
                <line number="36" hits="0"/>
                <line number="38" hits="0"/>
                <line number="39" hits="0"/>
                <line number="40" hits="0"/>
                <line number="41" hits="0"/>
                <line number="43" hits="0"/>
                <line number="44" hits="0"/>
                <line number="46" hits="0"/>
                <line number="47" hits="0"/>
                <line number="48" hits="0"/>
                <line number="49" hits="0"/>
                <line number="51" hits="0"/>
                <line number="52" hits="0"/>
                <line number="54" hits="0"/>
                <line number="55" hits="0"/>
                <line number="56" hits="0"/>
                <line number="57" hits="0"/>
                <line number="59" hits="0"/>
                <line number="60" hits="0"/>
                <line number="62" hits="0"/>
                <line number="63" hits="0"/>
                <line number="64" hits="0"/>
                <line number="65" hits="0"/>
                <line number="67" hits="0"/>
                <line number="68" hits="0"/>
                <line number="70" hits="0"/>
                <line number="71" hits="0"/>
                <line number="72" hits="0"/>
                <line number="73" hits="0"/>
                <line number="75" hits="0"/>
                <line number="77" hits="0"/>
              </lines>
            </method>
            <method name="getDBConnection" signature="" line-rate="0" branch-rate="0" complexity="9">
              <lines>
                <line number="82" hits="0"/>
                <line number="83" hits="0"/>
                <line number="84" hits="0"/>
                <line number="85" hits="0"/>
                <line number="87" hits="0"/>
                <line number="88" hits="0"/>
                <line number="89" hits="0"/>
                <line number="90" hits="0"/>
                <line number="91" hits="0"/>
                <line number="92" hits="0"/>
                <line number="95" hits="0"/>
                <line number="96" hits="0"/>
                <line number="98" hits="0"/>
                <line number="99" hits="0"/>
                <line number="100" hits="0"/>
                <line number="101" hits="0"/>
                <line number="102" hits="0"/>
                <line number="103" hits="0"/>
                <line number="104" hits="0"/>
                <line number="105" hits="0"/>
                <line number="107" hits="0"/>
                <line number="108" hits="0"/>
                <line number="110" hits="0"/>
                <line number="112" hits="0"/>
                <line number="114" hits="0"/>
              </lines>
            </method>
          </methods>
          <lines>
            <line number="30" hits="0"/>
            <line number="31" hits="0"/>
            <line number="34" hits="0"/>
            <line number="36" hits="0"/>
            <line number="38" hits="0"/>
            <line number="39" hits="0"/>
            <line number="40" hits="0"/>
            <line number="41" hits="0"/>
            <line number="43" hits="0"/>
            <line number="44" hits="0"/>
            <line number="46" hits="0"/>
            <line number="47" hits="0"/>
            <line number="48" hits="0"/>
            <line number="49" hits="0"/>
            <line number="51" hits="0"/>
            <line number="52" hits="0"/>
            <line number="54" hits="0"/>
            <line number="55" hits="0"/>
            <line number="56" hits="0"/>
            <line number="57" hits="0"/>
            <line number="59" hits="0"/>
            <line number="60" hits="0"/>
            <line number="62" hits="0"/>
            <line number="63" hits="0"/>
            <line number="64" hits="0"/>
            <line number="65" hits="0"/>
            <line number="67" hits="0"/>
            <line number="68" hits="0"/>
            <line number="70" hits="0"/>
            <line number="71" hits="0"/>
            <line number="72" hits="0"/>
            <line number="73" hits="0"/>
            <line number="75" hits="0"/>
            <line number="77" hits="0"/>
            <line number="82" hits="0"/>
            <line number="83" hits="0"/>
            <line number="84" hits="0"/>
            <line number="85" hits="0"/>
            <line number="87" hits="0"/>
            <line number="88" hits="0"/>
            <line number="89" hits="0"/>
            <line number="90" hits="0"/>
            <line number="91" hits="0"/>
            <line number="92" hits="0"/>
            <line number="95" hits="0"/>
            <line number="96" hits="0"/>
            <line number="98" hits="0"/>
            <line number="99" hits="0"/>
            <line number="100" hits="0"/>
            <line number="101" hits="0"/>
            <line number="102" hits="0"/>
            <line number="103" hits="0"/>
            <line number="104" hits="0"/>
            <line number="105" hits="0"/>
            <line number="107" hits="0"/>
            <line number="108" hits="0"/>
            <line number="110" hits="0"/>
            <line number="112" hits="0"/>
            <line number="114" hits="0"/>
          </lines>
        </class>
      </classes>
    </package>
    <package name="dao/MappingHelper.php" line-rate="0" branch-rate="0" complexity="1">
      <classes>
        <class name="MappingHelper" filename="dao/MappingHelper.php" line-rate="0" branch-rate="0" complexity="1">
          <methods>
            <method name="getMapping" signature="$key" line-rate="0" branch-rate="0" complexity="1">
              <lines>
                <line number="941" hits="0"/>
              </lines>
            </method>
          </methods>
          <lines>
            <line number="941" hits="0"/>
          </lines>
        </class>
      </classes>
    </package>
    <package name="dao/PDOHelper.php" line-rate="0" branch-rate="0" complexity="35">
      <classes>
        <class name="PDOHelper" filename="dao/PDOHelper.php" line-rate="0" branch-rate="0" complexity="35">
          <methods>
            <method name="__construct" signature="" line-rate="0" branch-rate="0" complexity="1">
              <lines>
                <line number="14" hits="0"/>
                <line number="15" hits="0"/>
              </lines>
            </method>
            <method name="getConnection" signature="" line-rate="0" branch-rate="0" complexity="1">
              <lines>
                <line number="19" hits="0"/>
              </lines>
            </method>
            <method name="processTransaction" signature="" line-rate="0" branch-rate="0" complexity="2">
              <lines>
                <line number="24" hits="0"/>
                <line number="26" hits="0"/>
                <line number="27" hits="0"/>
                <line number="28" hits="0"/>
                <line number="29" hits="0"/>
              </lines>
            </method>
            <method name="execute" signature="$sql, $fetchmode, $isAll" line-rate="0" branch-rate="0" complexity="6">
              <lines>
                <line number="34" hits="0"/>
                <line number="35" hits="0"/>
                <line number="36" hits="0"/>
                <line number="37" hits="0"/>
                <line number="38" hits="0"/>
                <line number="40" hits="0"/>
                <line number="41" hits="0"/>
                <line number="42" hits="0"/>
                <line number="44" hits="0"/>
                <line number="47" hits="0"/>
              </lines>
            </method>
            <method name="processQuery" signature="$procedure, $mapping" line-rate="0" branch-rate="0" complexity="3">
              <lines>
                <line number="52" hits="0"/>
                <line number="53" hits="0"/>
                <line number="55" hits="0"/>
                <line number="56" hits="0"/>
                <line number="59" hits="0"/>
              </lines>
            </method>
            <method name="processMultiResults" signature="$procedure, $rsmapper, $mappertypes, $mappings" line-rate="0" branch-rate="0" complexity="6">
              <lines>
                <line number="94" hits="0"/>
                <line number="95" hits="0"/>
                <line number="96" hits="0"/>
                <line number="97" hits="0"/>
                <line number="99" hits="0"/>
                <line number="100" hits="0"/>
                <line number="101" hits="0"/>
                <line number="102" hits="0"/>
                <line number="103" hits="0"/>
                <line number="104" hits="0"/>
                <line number="105" hits="0"/>
                <line number="107" hits="0"/>
                <line number="109" hits="0"/>
                <line number="111" hits="0"/>
                <line number="112" hits="0"/>
                <line number="114" hits="0"/>
              </lines>
            </method>
            <method name="resultMapper" signature="$resultset, $mapping" line-rate="0" branch-rate="0" complexity="5">
              <lines>
                <line number="124" hits="0"/>
                <line number="125" hits="0"/>
                <line number="126" hits="0"/>
                <line number="127" hits="0"/>
                <line number="129" hits="0"/>
                <line number="130" hits="0"/>
                <line number="131" hits="0"/>
                <line number="135" hits="0"/>
              </lines>
            </method>
            <method name="recordMapper" signature="$record, $mapping" line-rate="0" branch-rate="0" complexity="5">
              <lines>
                <line number="139" hits="0"/>
                <line number="140" hits="0"/>
                <line number="141" hits="0"/>
                <line number="143" hits="0"/>
                <line number="144" hits="0"/>
                <line number="145" hits="0"/>
                <line number="147" hits="0"/>
                <line number="149" hits="0"/>
                <line number="154" hits="0"/>
              </lines>
            </method>
            <method name="processDataList" signature="$table, $datafields, $data" line-rate="0" branch-rate="0" complexity="3">
              <lines>
                <line number="158" hits="0"/>
                <line number="159" hits="0"/>
                <line number="161" hits="0"/>
                <line number="162" hits="0"/>
                <line number="163" hits="0"/>
                <line number="165" hits="0"/>
                <line number="166" hits="0"/>
                <line number="167" hits="0"/>
                <line number="168" hits="0"/>
                <line number="169" hits="0"/>
                <line number="170" hits="0"/>
                <line number="171" hits="0"/>
                <line number="173" hits="0"/>
              </lines>
            </method>
            <method name="placeholders" signature="$text, $count, $separator" line-rate="0" branch-rate="0" complexity="3">
              <lines>
                <line number="177" hits="0"/>
                <line number="178" hits="0"/>
                <line number="179" hits="0"/>
                <line number="180" hits="0"/>
                <line number="183" hits="0"/>
              </lines>
            </method>
          </methods>
          <lines>
            <line number="14" hits="0"/>
            <line number="15" hits="0"/>
            <line number="19" hits="0"/>
            <line number="24" hits="0"/>
            <line number="26" hits="0"/>
            <line number="27" hits="0"/>
            <line number="28" hits="0"/>
            <line number="29" hits="0"/>
            <line number="34" hits="0"/>
            <line number="35" hits="0"/>
            <line number="36" hits="0"/>
            <line number="37" hits="0"/>
            <line number="38" hits="0"/>
            <line number="40" hits="0"/>
            <line number="41" hits="0"/>
            <line number="42" hits="0"/>
            <line number="44" hits="0"/>
            <line number="47" hits="0"/>
            <line number="52" hits="0"/>
            <line number="53" hits="0"/>
            <line number="55" hits="0"/>
            <line number="56" hits="0"/>
            <line number="59" hits="0"/>
            <line number="94" hits="0"/>
            <line number="95" hits="0"/>
            <line number="96" hits="0"/>
            <line number="97" hits="0"/>
            <line number="99" hits="0"/>
            <line number="100" hits="0"/>
            <line number="101" hits="0"/>
            <line number="102" hits="0"/>
            <line number="103" hits="0"/>
            <line number="104" hits="0"/>
            <line number="105" hits="0"/>
            <line number="107" hits="0"/>
            <line number="109" hits="0"/>
            <line number="111" hits="0"/>
            <line number="112" hits="0"/>
            <line number="114" hits="0"/>
            <line number="124" hits="0"/>
            <line number="125" hits="0"/>
            <line number="126" hits="0"/>
            <line number="127" hits="0"/>
            <line number="129" hits="0"/>
            <line number="130" hits="0"/>
            <line number="131" hits="0"/>
            <line number="135" hits="0"/>
            <line number="139" hits="0"/>
            <line number="140" hits="0"/>
            <line number="141" hits="0"/>
            <line number="143" hits="0"/>
            <line number="144" hits="0"/>
            <line number="145" hits="0"/>
            <line number="147" hits="0"/>
            <line number="149" hits="0"/>
            <line number="154" hits="0"/>
            <line number="158" hits="0"/>
            <line number="159" hits="0"/>
            <line number="161" hits="0"/>
            <line number="162" hits="0"/>
            <line number="163" hits="0"/>
            <line number="165" hits="0"/>
            <line number="166" hits="0"/>
            <line number="167" hits="0"/>
            <line number="168" hits="0"/>
            <line number="169" hits="0"/>
            <line number="170" hits="0"/>
            <line number="171" hits="0"/>
            <line number="173" hits="0"/>
            <line number="177" hits="0"/>
            <line number="178" hits="0"/>
            <line number="179" hits="0"/>
            <line number="180" hits="0"/>
            <line number="183" hits="0"/>
          </lines>
        </class>
      </classes>
    </package>
    <package name="email/MailHelper.php" line-rate="0" branch-rate="0" complexity="18">
      <classes>
        <class name="MailHelper" filename="email/MailHelper.php" line-rate="0" branch-rate="0" complexity="18">
          <methods>
            <method name="send" signature="$notification, $config" line-rate="0" branch-rate="0" complexity="18">
              <lines>
                <line number="22" hits="0"/>
                <line number="23" hits="0"/>
                <line number="27" hits="0"/>
                <line number="29" hits="0"/>
                <line number="31" hits="0"/>
                <line number="35" hits="0"/>
                <line number="36" hits="0"/>
                <line number="39" hits="0"/>
                <line number="43" hits="0"/>
                <line number="45" hits="0"/>
                <line number="46" hits="0"/>
                <line number="47" hits="0"/>
                <line number="48" hits="0"/>
                <line number="50" hits="0"/>
                <line number="51" hits="0"/>
                <line number="53" hits="0"/>
                <line number="54" hits="0"/>
                <line number="55" hits="0"/>
                <line number="56" hits="0"/>
                <line number="57" hits="0"/>
                <line number="58" hits="0"/>
                <line number="60" hits="0"/>
                <line number="62" hits="0"/>
                <line number="63" hits="0"/>
                <line number="64" hits="0"/>
                <line number="65" hits="0"/>
                <line number="66" hits="0"/>
                <line number="67" hits="0"/>
                <line number="68" hits="0"/>
                <line number="72" hits="0"/>
                <line number="73" hits="0"/>
                <line number="76" hits="0"/>
                <line number="77" hits="0"/>
                <line number="79" hits="0"/>
                <line number="80" hits="0"/>
                <line number="81" hits="0"/>
                <line number="84" hits="0"/>
                <line number="85" hits="0"/>
                <line number="86" hits="0"/>
                <line number="91" hits="0"/>
                <line number="92" hits="0"/>
                <line number="93" hits="0"/>
                <line number="98" hits="0"/>
                <line number="99" hits="0"/>
                <line number="100" hits="0"/>
                <line number="105" hits="0"/>
                <line number="106" hits="0"/>
                <line number="107" hits="0"/>
                <line number="110" hits="0"/>
                <line number="111" hits="0"/>
                <line number="112" hits="0"/>
                <line number="115" hits="0"/>
                <line number="116" hits="0"/>
                <line number="117" hits="0"/>
                <line number="118" hits="0"/>
              </lines>
            </method>
          </methods>
          <lines>
            <line number="22" hits="0"/>
            <line number="23" hits="0"/>
            <line number="27" hits="0"/>
            <line number="29" hits="0"/>
            <line number="31" hits="0"/>
            <line number="35" hits="0"/>
            <line number="36" hits="0"/>
            <line number="39" hits="0"/>
            <line number="43" hits="0"/>
            <line number="45" hits="0"/>
            <line number="46" hits="0"/>
            <line number="47" hits="0"/>
            <line number="48" hits="0"/>
            <line number="50" hits="0"/>
            <line number="51" hits="0"/>
            <line number="53" hits="0"/>
            <line number="54" hits="0"/>
            <line number="55" hits="0"/>
            <line number="56" hits="0"/>
            <line number="57" hits="0"/>
            <line number="58" hits="0"/>
            <line number="60" hits="0"/>
            <line number="62" hits="0"/>
            <line number="63" hits="0"/>
            <line number="64" hits="0"/>
            <line number="65" hits="0"/>
            <line number="66" hits="0"/>
            <line number="67" hits="0"/>
            <line number="68" hits="0"/>
            <line number="72" hits="0"/>
            <line number="73" hits="0"/>
            <line number="76" hits="0"/>
            <line number="77" hits="0"/>
            <line number="79" hits="0"/>
            <line number="80" hits="0"/>
            <line number="81" hits="0"/>
            <line number="84" hits="0"/>
            <line number="85" hits="0"/>
            <line number="86" hits="0"/>
            <line number="91" hits="0"/>
            <line number="92" hits="0"/>
            <line number="93" hits="0"/>
            <line number="98" hits="0"/>
            <line number="99" hits="0"/>
            <line number="100" hits="0"/>
            <line number="105" hits="0"/>
            <line number="106" hits="0"/>
            <line number="107" hits="0"/>
            <line number="110" hits="0"/>
            <line number="111" hits="0"/>
            <line number="112" hits="0"/>
            <line number="115" hits="0"/>
            <line number="116" hits="0"/>
            <line number="117" hits="0"/>
            <line number="118" hits="0"/>
          </lines>
        </class>
      </classes>
    </package>
    <package name="email/Notification.php" line-rate="0" branch-rate="0" complexity="37">
      <classes>
        <class name="Notification" filename="email/Notification.php" line-rate="0" branch-rate="0" complexity="37">
          <methods>
            <method name="__construct" signature="" line-rate="0" branch-rate="0" complexity="1">
              <lines>
                <line number="26" hits="0"/>
              </lines>
            </method>
            <method name="getNotifyObject" signature="$to, $subject, $body" line-rate="0" branch-rate="0" complexity="1">
              <lines>
                <line number="33" hits="0"/>
                <line number="34" hits="0"/>
                <line number="35" hits="0"/>
                <line number="36" hits="0"/>
                <line number="37" hits="0"/>
              </lines>
            </method>
            <method name="getToRecipients" signature="" line-rate="0" branch-rate="0" complexity="2">
              <lines>
                <line number="45" hits="0"/>
                <line number="46" hits="0"/>
                <line number="48" hits="0"/>
              </lines>
            </method>
            <method name="getCcRecipients" signature="" line-rate="0" branch-rate="0" complexity="2">
              <lines>
                <line number="57" hits="0"/>
                <line number="58" hits="0"/>
                <line number="60" hits="0"/>
              </lines>
            </method>
            <method name="getBCCRecipients" signature="" line-rate="0" branch-rate="0" complexity="2">
              <lines>
                <line number="69" hits="0"/>
                <line number="70" hits="0"/>
                <line number="72" hits="0"/>
              </lines>
            </method>
            <method name="getTo" signature="" line-rate="0" branch-rate="0" complexity="1">
              <lines>
                <line number="81" hits="0"/>
              </lines>
            </method>
            <method name="setTo" signature="$to" line-rate="0" branch-rate="0" complexity="1">
              <lines>
                <line number="89" hits="0"/>
              </lines>
            </method>
            <method name="getCc" signature="" line-rate="0" branch-rate="0" complexity="1">
              <lines>
                <line number="97" hits="0"/>
              </lines>
            </method>
            <method name="setCc" signature="$cc" line-rate="0" branch-rate="0" complexity="1">
              <lines>
                <line number="105" hits="0"/>
              </lines>
            </method>
            <method name="getBcc" signature="" line-rate="0" branch-rate="0" complexity="1">
              <lines>
                <line number="113" hits="0"/>
              </lines>
            </method>
            <method name="setBcc" signature="$bcc" line-rate="0" branch-rate="0" complexity="1">
              <lines>
                <line number="121" hits="0"/>
              </lines>
            </method>
            <method name="getSubject" signature="" line-rate="0" branch-rate="0" complexity="1">
              <lines>
                <line number="129" hits="0"/>
              </lines>
            </method>
            <method name="setSubject" signature="$subject" line-rate="0" branch-rate="0" complexity="1">
              <lines>
                <line number="137" hits="0"/>
              </lines>
            </method>
            <method name="getEmailMessage" signature="" line-rate="0" branch-rate="0" complexity="3">
              <lines>
                <line number="145" hits="0"/>
                <line number="146" hits="0"/>
                <line number="148" hits="0"/>
                <line number="149" hits="0"/>
                <line number="151" hits="0"/>
              </lines>
            </method>
            <method name="setMessage" signature="$message" line-rate="0" branch-rate="0" complexity="1">
              <lines>
                <line number="159" hits="0"/>
              </lines>
            </method>
            <method name="getBody" signature="" line-rate="0" branch-rate="0" complexity="1">
              <lines>
                <line number="167" hits="0"/>
              </lines>
            </method>
            <method name="setBody" signature="$body" line-rate="0" branch-rate="0" complexity="1">
              <lines>
                <line number="175" hits="0"/>
              </lines>
            </method>
            <method name="getFooter" signature="" line-rate="0" branch-rate="0" complexity="1">
              <lines>
                <line number="183" hits="0"/>
              </lines>
            </method>
            <method name="setFooter" signature="$footer" line-rate="0" branch-rate="0" complexity="1">
              <lines>
                <line number="191" hits="0"/>
              </lines>
            </method>
            <method name="getAttachments" signature="" line-rate="0" branch-rate="0" complexity="1">
              <lines>
                <line number="199" hits="0"/>
              </lines>
            </method>
            <method name="addAttachment" signature="$path, $name" line-rate="0" branch-rate="0" complexity="2">
              <lines>
                <line number="207" hits="0"/>
                <line number="208" hits="0"/>
                <line number="209" hits="0"/>
                <line number="210" hits="0"/>
              </lines>
            </method>
            <method name="setAttachment" signature="$attachment" line-rate="0" branch-rate="0" complexity="2">
              <lines>
                <line number="219" hits="0"/>
                <line number="220" hits="0"/>
              </lines>
            </method>
            <method name="getData" signature="" line-rate="0" branch-rate="0" complexity="1">
              <lines>
                <line number="229" hits="0"/>
              </lines>
            </method>
            <method name="setData" signature="$data" line-rate="0" branch-rate="0" complexity="1">
              <lines>
                <line number="237" hits="0"/>
              </lines>
            </method>
            <method name="getFrom" signature="" line-rate="0" branch-rate="0" complexity="1">
              <lines>
                <line number="245" hits="0"/>
              </lines>
            </method>
            <method name="setFrom" signature="$email, $name" line-rate="0" branch-rate="0" complexity="2">
              <lines>
                <line number="253" hits="0"/>
                <line number="254" hits="0"/>
                <line number="255" hits="0"/>
                <line number="257" hits="0"/>
                <line number="258" hits="0"/>
              </lines>
            </method>
            <method name="getReplyTo" signature="" line-rate="0" branch-rate="0" complexity="1">
              <lines>
                <line number="266" hits="0"/>
              </lines>
            </method>
            <method name="setReplyTo" signature="$email, $name" line-rate="0" branch-rate="0" complexity="2">
              <lines>
                <line number="274" hits="0"/>
                <line number="275" hits="0"/>
                <line number="276" hits="0"/>
                <line number="278" hits="0"/>
                <line number="279" hits="0"/>
              </lines>
            </method>
          </methods>
          <lines>
            <line number="26" hits="0"/>
            <line number="33" hits="0"/>
            <line number="34" hits="0"/>
            <line number="35" hits="0"/>
            <line number="36" hits="0"/>
            <line number="37" hits="0"/>
            <line number="45" hits="0"/>
            <line number="46" hits="0"/>
            <line number="48" hits="0"/>
            <line number="57" hits="0"/>
            <line number="58" hits="0"/>
            <line number="60" hits="0"/>
            <line number="69" hits="0"/>
            <line number="70" hits="0"/>
            <line number="72" hits="0"/>
            <line number="81" hits="0"/>
            <line number="89" hits="0"/>
            <line number="97" hits="0"/>
            <line number="105" hits="0"/>
            <line number="113" hits="0"/>
            <line number="121" hits="0"/>
            <line number="129" hits="0"/>
            <line number="137" hits="0"/>
            <line number="145" hits="0"/>
            <line number="146" hits="0"/>
            <line number="148" hits="0"/>
            <line number="149" hits="0"/>
            <line number="151" hits="0"/>
            <line number="159" hits="0"/>
            <line number="167" hits="0"/>
            <line number="175" hits="0"/>
            <line number="183" hits="0"/>
            <line number="191" hits="0"/>
            <line number="199" hits="0"/>
            <line number="207" hits="0"/>
            <line number="208" hits="0"/>
            <line number="209" hits="0"/>
            <line number="210" hits="0"/>
            <line number="219" hits="0"/>
            <line number="220" hits="0"/>
            <line number="229" hits="0"/>
            <line number="237" hits="0"/>
            <line number="245" hits="0"/>
            <line number="253" hits="0"/>
            <line number="254" hits="0"/>
            <line number="255" hits="0"/>
            <line number="257" hits="0"/>
            <line number="258" hits="0"/>
            <line number="266" hits="0"/>
            <line number="274" hits="0"/>
            <line number="275" hits="0"/>
            <line number="276" hits="0"/>
            <line number="278" hits="0"/>
            <line number="279" hits="0"/>
          </lines>
        </class>
      </classes>
    </package>
    <package name="email/NotificationConfig.php" line-rate="0" branch-rate="0" complexity="11">
      <classes>
        <class name="NotificationConfig" filename="email/NotificationConfig.php" line-rate="0" branch-rate="0" complexity="11">
          <methods>
            <method name="__construct" signature="$type" line-rate="0" branch-rate="0" complexity="1">
              <lines>
                <line number="21" hits="0"/>
                <line number="22" hits="0"/>
                <line number="23" hits="0"/>
                <line number="24" hits="0"/>
                <line number="25" hits="0"/>
              </lines>
            </method>
            <method name="getEnvironment" signature="" line-rate="0" branch-rate="0" complexity="1">
              <lines>
                <line number="33" hits="0"/>
              </lines>
            </method>
            <method name="setEnvironment" signature="$environment" line-rate="0" branch-rate="0" complexity="1">
              <lines>
                <line number="40" hits="0"/>
              </lines>
            </method>
            <method name="isEnabled" signature="" line-rate="0" branch-rate="0" complexity="1">
              <lines>
                <line number="47" hits="0"/>
              </lines>
            </method>
            <method name="setEnabled" signature="$enabled" line-rate="0" branch-rate="0" complexity="1">
              <lines>
                <line number="54" hits="0"/>
              </lines>
            </method>
            <method name="getTestGroup" signature="" line-rate="0" branch-rate="0" complexity="1">
              <lines>
                <line number="58" hits="0"/>
              </lines>
            </method>
            <method name="setTestGroup" signature="$testGroup" line-rate="0" branch-rate="0" complexity="1">
              <lines>
                <line number="62" hits="0"/>
              </lines>
            </method>
            <method name="getFrom" signature="" line-rate="0" branch-rate="0" complexity="1">
              <lines>
                <line number="66" hits="0"/>
              </lines>
            </method>
            <method name="setFrom" signature="$from" line-rate="0" branch-rate="0" complexity="1">
              <lines>
                <line number="70" hits="0"/>
              </lines>
            </method>
            <method name="setReplyTo" signature="$replyTo" line-rate="0" branch-rate="0" complexity="1">
              <lines>
                <line number="78" hits="0"/>
              </lines>
            </method>
            <method name="getReplyTo" signature="" line-rate="0" branch-rate="0" complexity="1">
              <lines>
                <line number="86" hits="0"/>
              </lines>
            </method>
          </methods>
          <lines>
            <line number="21" hits="0"/>
            <line number="22" hits="0"/>
            <line number="23" hits="0"/>
            <line number="24" hits="0"/>
            <line number="25" hits="0"/>
            <line number="33" hits="0"/>
            <line number="40" hits="0"/>
            <line number="47" hits="0"/>
            <line number="54" hits="0"/>
            <line number="58" hits="0"/>
            <line number="62" hits="0"/>
            <line number="66" hits="0"/>
            <line number="70" hits="0"/>
            <line number="78" hits="0"/>
            <line number="86" hits="0"/>
          </lines>
        </class>
      </classes>
    </package>
    <package name="email/NotificationEngine.php" line-rate="0" branch-rate="0" complexity="36">
      <classes>
        <class name="NotificationEngine" filename="email/NotificationEngine.php" line-rate="0" branch-rate="0" complexity="36">
          <methods>
            <method name="getConfig" signature="" line-rate="0" branch-rate="0" complexity="1">
              <lines>
                <line number="16" hits="0"/>
              </lines>
            </method>
            <method name="setConfig" signature="$config" line-rate="0" branch-rate="0" complexity="1">
              <lines>
                <line number="24" hits="0"/>
              </lines>
            </method>
            <method name="notify" signature="$to, $subject, $body" line-rate="0" branch-rate="0" complexity="4">
              <lines>
                <line number="32" hits="0"/>
                <line number="33" hits="0"/>
                <line number="34" hits="0"/>
                <line number="36" hits="0"/>
                <line number="37" hits="0"/>
                <line number="39" hits="0"/>
                <line number="40" hits="0"/>
                <line number="42" hits="0"/>
              </lines>
            </method>
            <method name="sendNotifications" signature="$emailObjs" line-rate="0" branch-rate="0" complexity="3">
              <lines>
                <line number="50" hits="0"/>
                <line number="51" hits="0"/>
                <line number="52" hits="0"/>
                <line number="53" hits="0"/>
                <line number="54" hits="0"/>
              </lines>
            </method>
            <method name="send" signature="$emailObj" line-rate="0" branch-rate="0" complexity="8">
              <lines>
                <line number="64" hits="0"/>
                <line number="66" hits="0"/>
                <line number="67" hits="0"/>
                <line number="69" hits="0"/>
                <line number="70" hits="0"/>
                <line number="71" hits="0"/>
                <line number="72" hits="0"/>
                <line number="73" hits="0"/>
                <line number="74" hits="0"/>
                <line number="75" hits="0"/>
                <line number="76" hits="0"/>
                <line number="77" hits="0"/>
                <line number="78" hits="0"/>
                <line number="79" hits="0"/>
                <line number="81" hits="0"/>
                <line number="82" hits="0"/>
                <line number="85" hits="0"/>
                <line number="87" hits="0"/>
                <line number="89" hits="0"/>
                <line number="91" hits="0"/>
                <line number="92" hits="0"/>
                <line number="94" hits="0"/>
              </lines>
            </method>
            <method name="sendNotification" signature="$notification" line-rate="0" branch-rate="0" complexity="19">
              <lines>
                <line number="103" hits="0"/>
                <line number="104" hits="0"/>
                <line number="107" hits="0"/>
                <line number="108" hits="0"/>
                <line number="109" hits="0"/>
                <line number="111" hits="0"/>
                <line number="112" hits="0"/>
                <line number="113" hits="0"/>
                <line number="116" hits="0"/>
                <line number="117" hits="0"/>
                <line number="118" hits="0"/>
                <line number="119" hits="0"/>
                <line number="120" hits="0"/>
                <line number="121" hits="0"/>
                <line number="122" hits="0"/>
                <line number="125" hits="0"/>
                <line number="127" hits="0"/>
                <line number="128" hits="0"/>
                <line number="129" hits="0"/>
                <line number="130" hits="0"/>
                <line number="131" hits="0"/>
                <line number="134" hits="0"/>
                <line number="136" hits="0"/>
                <line number="138" hits="0"/>
                <line number="139" hits="0"/>
                <line number="140" hits="0"/>
                <line number="141" hits="0"/>
                <line number="144" hits="0"/>
                <line number="146" hits="0"/>
                <line number="148" hits="0"/>
                <line number="149" hits="0"/>
                <line number="150" hits="0"/>
                <line number="151" hits="0"/>
                <line number="154" hits="0"/>
                <line number="157" hits="0"/>
                <line number="158" hits="0"/>
                <line number="159" hits="0"/>
                <line number="160" hits="0"/>
                <line number="161" hits="0"/>
                <line number="162" hits="0"/>
                <line number="164" hits="0"/>
                <line number="165" hits="0"/>
                <line number="166" hits="0"/>
                <line number="170" hits="0"/>
                <line number="173" hits="0"/>
              </lines>
            </method>
          </methods>
          <lines>
            <line number="16" hits="0"/>
            <line number="24" hits="0"/>
            <line number="32" hits="0"/>
            <line number="33" hits="0"/>
            <line number="34" hits="0"/>
            <line number="36" hits="0"/>
            <line number="37" hits="0"/>
            <line number="39" hits="0"/>
            <line number="40" hits="0"/>
            <line number="42" hits="0"/>
            <line number="50" hits="0"/>
            <line number="51" hits="0"/>
            <line number="52" hits="0"/>
            <line number="53" hits="0"/>
            <line number="54" hits="0"/>
            <line number="64" hits="0"/>
            <line number="66" hits="0"/>
            <line number="67" hits="0"/>
            <line number="69" hits="0"/>
            <line number="70" hits="0"/>
            <line number="71" hits="0"/>
            <line number="72" hits="0"/>
            <line number="73" hits="0"/>
            <line number="74" hits="0"/>
            <line number="75" hits="0"/>
            <line number="76" hits="0"/>
            <line number="77" hits="0"/>
            <line number="78" hits="0"/>
            <line number="79" hits="0"/>
            <line number="81" hits="0"/>
            <line number="82" hits="0"/>
            <line number="85" hits="0"/>
            <line number="87" hits="0"/>
            <line number="89" hits="0"/>
            <line number="91" hits="0"/>
            <line number="92" hits="0"/>
            <line number="94" hits="0"/>
            <line number="103" hits="0"/>
            <line number="104" hits="0"/>
            <line number="107" hits="0"/>
            <line number="108" hits="0"/>
            <line number="109" hits="0"/>
            <line number="111" hits="0"/>
            <line number="112" hits="0"/>
            <line number="113" hits="0"/>
            <line number="116" hits="0"/>
            <line number="117" hits="0"/>
            <line number="118" hits="0"/>
            <line number="119" hits="0"/>
            <line number="120" hits="0"/>
            <line number="121" hits="0"/>
            <line number="122" hits="0"/>
            <line number="125" hits="0"/>
            <line number="127" hits="0"/>
            <line number="128" hits="0"/>
            <line number="129" hits="0"/>
            <line number="130" hits="0"/>
            <line number="131" hits="0"/>
            <line number="134" hits="0"/>
            <line number="136" hits="0"/>
            <line number="138" hits="0"/>
            <line number="139" hits="0"/>
            <line number="140" hits="0"/>
            <line number="141" hits="0"/>
            <line number="144" hits="0"/>
            <line number="146" hits="0"/>
            <line number="148" hits="0"/>
            <line number="149" hits="0"/>
            <line number="150" hits="0"/>
            <line number="151" hits="0"/>
            <line number="154" hits="0"/>
            <line number="157" hits="0"/>
            <line number="158" hits="0"/>
            <line number="159" hits="0"/>
            <line number="160" hits="0"/>
            <line number="161" hits="0"/>
            <line number="162" hits="0"/>
            <line number="164" hits="0"/>
            <line number="165" hits="0"/>
            <line number="166" hits="0"/>
            <line number="170" hits="0"/>
            <line number="173" hits="0"/>
          </lines>
        </class>
      </classes>
    </package>
    <package name="email/email-service.php" line-rate="0" branch-rate="0" complexity="2">
      <classes>
        <class name="email-service.php" filename="email/email-service.php" line-rate="0" branch-rate="0" complexity="2">
          <methods>
            <method name="smtpmailer" signature="smtpmailer($to, $from, $from_name, $subject, $body)" line-rate="0" branch-rate="0" complexity="2">
              <lines>
                <line number="17" hits="0"/>
                <line number="19" hits="0"/>
                <line number="21" hits="0"/>
                <line number="23" hits="0"/>
                <line number="24" hits="0"/>
                <line number="27" hits="0"/>
                <line number="28" hits="0"/>
                <line number="29" hits="0"/>
                <line number="30" hits="0"/>
                <line number="31" hits="0"/>
                <line number="32" hits="0"/>
                <line number="35" hits="0"/>
                <line number="36" hits="0"/>
                <line number="38" hits="0"/>
                <line number="39" hits="0"/>
                <line number="40" hits="0"/>
                <line number="41" hits="0"/>
                <line number="42" hits="0"/>
                <line number="43" hits="0"/>
                <line number="44" hits="0"/>
                <line number="46" hits="0"/>
                <line number="47" hits="0"/>
                <line number="48" hits="0"/>
              </lines>
            </method>
          </methods>
          <lines>
            <line number="17" hits="0"/>
            <line number="19" hits="0"/>
            <line number="21" hits="0"/>
            <line number="23" hits="0"/>
            <line number="24" hits="0"/>
            <line number="27" hits="0"/>
            <line number="28" hits="0"/>
            <line number="29" hits="0"/>
            <line number="30" hits="0"/>
            <line number="31" hits="0"/>
            <line number="32" hits="0"/>
            <line number="35" hits="0"/>
            <line number="36" hits="0"/>
            <line number="38" hits="0"/>
            <line number="39" hits="0"/>
            <line number="40" hits="0"/>
            <line number="41" hits="0"/>
            <line number="42" hits="0"/>
            <line number="43" hits="0"/>
            <line number="44" hits="0"/>
            <line number="46" hits="0"/>
            <line number="47" hits="0"/>
            <line number="48" hits="0"/>
          </lines>
        </class>
      </classes>
    </package>
    <package name="excel/AssociateExcelWriter.php" line-rate="0" branch-rate="0" complexity="5">
      <classes>
        <class name="AssociateExcelWriter" filename="excel/AssociateExcelWriter.php" line-rate="0" branch-rate="0" complexity="5">
          <methods>
            <method name="__construct" signature="" line-rate="0" branch-rate="0" complexity="1">
              <lines>
                <line number="11" hits="0"/>
                <line number="12" hits="0"/>
                <line number="13" hits="0"/>
                <line number="14" hits="0"/>
                <line number="15" hits="0"/>
                <line number="16" hits="0"/>
                <line number="17" hits="0"/>
                <line number="18" hits="0"/>
                <line number="19" hits="0"/>
                <line number="20" hits="0"/>
                <line number="21" hits="0"/>
                <line number="22" hits="0"/>
                <line number="24" hits="0"/>
                <line number="25" hits="0"/>
              </lines>
            </method>
            <method name="write" signature="$data" line-rate="0" branch-rate="0" complexity="4">
              <lines>
                <line number="31" hits="0"/>
                <line number="33" hits="0"/>
                <line number="34" hits="0"/>
                <line number="35" hits="0"/>
                <line number="36" hits="0"/>
                <line number="38" hits="0"/>
                <line number="39" hits="0"/>
                <line number="40" hits="0"/>
                <line number="41" hits="0"/>
                <line number="42" hits="0"/>
                <line number="43" hits="0"/>
                <line number="44" hits="0"/>
              </lines>
            </method>
          </methods>
          <lines>
            <line number="11" hits="0"/>
            <line number="12" hits="0"/>
            <line number="13" hits="0"/>
            <line number="14" hits="0"/>
            <line number="15" hits="0"/>
            <line number="16" hits="0"/>
            <line number="17" hits="0"/>
            <line number="18" hits="0"/>
            <line number="19" hits="0"/>
            <line number="20" hits="0"/>
            <line number="21" hits="0"/>
            <line number="22" hits="0"/>
            <line number="24" hits="0"/>
            <line number="25" hits="0"/>
            <line number="31" hits="0"/>
            <line number="33" hits="0"/>
            <line number="34" hits="0"/>
            <line number="35" hits="0"/>
            <line number="36" hits="0"/>
            <line number="38" hits="0"/>
            <line number="39" hits="0"/>
            <line number="40" hits="0"/>
            <line number="41" hits="0"/>
            <line number="42" hits="0"/>
            <line number="43" hits="0"/>
            <line number="44" hits="0"/>
          </lines>
        </class>
      </classes>
    </package>
    <package name="excel/ExcelWriter.php" line-rate="0" branch-rate="0" complexity="14">
      <classes>
        <class name="ExcelWriter" filename="excel/ExcelWriter.php" line-rate="0" branch-rate="0" complexity="14">
          <methods>
            <method name="setupDefaults" signature="" line-rate="0" branch-rate="0" complexity="1">
              <lines>
                <line number="16" hits="0"/>
                <line number="17" hits="0"/>
                <line number="18" hits="0"/>
                <line number="19" hits="0"/>
                <line number="21" hits="0"/>
              </lines>
            </method>
            <method name="write" signature="$data" line-rate="0" branch-rate="0" complexity="0">
              <lines>
                <line number="25" hits="0"/>
              </lines>
            </method>
            <method name="getActiveSheet" signature="" line-rate="0" branch-rate="0" complexity="1">
              <lines>
                <line number="28" hits="0"/>
                <line number="29" hits="0"/>
              </lines>
            </method>
            <method name="setSheetName" signature="" line-rate="0" branch-rate="0" complexity="2">
              <lines>
                <line number="33" hits="0"/>
                <line number="34" hits="0"/>
              </lines>
            </method>
            <method name="writeReportProperties" signature="" line-rate="0" branch-rate="0" complexity="1">
              <lines>
                <line number="39" hits="0"/>
                <line number="40" hits="0"/>
                <line number="41" hits="0"/>
                <line number="42" hits="0"/>
                <line number="43" hits="0"/>
                <line number="44" hits="0"/>
                <line number="45" hits="0"/>
              </lines>
            </method>
            <method name="writeHeaderRows" signature="" line-rate="0" branch-rate="0" complexity="2">
              <lines>
                <line number="51" hits="0"/>
                <line number="52" hits="0"/>
                <line number="53" hits="0"/>
                <line number="55" hits="0"/>
                <line number="56" hits="0"/>
                <line number="57" hits="0"/>
                <line number="58" hits="0"/>
                <line number="59" hits="0"/>
              </lines>
            </method>
            <method name="getWorkBookStyles" signature="$style" line-rate="0" branch-rate="0" complexity="1">
              <lines>
                <line number="65" hits="0"/>
                <line number="66" hits="0"/>
                <line number="67" hits="0"/>
                <line number="68" hits="0"/>
                <line number="69" hits="0"/>
                <line number="70" hits="0"/>
                <line number="71" hits="0"/>
                <line number="72" hits="0"/>
                <line number="73" hits="0"/>
                <line number="74" hits="0"/>
                <line number="75" hits="0"/>
                <line number="76" hits="0"/>
                <line number="77" hits="0"/>
                <line number="78" hits="0"/>
                <line number="79" hits="0"/>
                <line number="80" hits="0"/>
                <line number="81" hits="0"/>
                <line number="82" hits="0"/>
                <line number="83" hits="0"/>
                <line number="84" hits="0"/>
                <line number="85" hits="0"/>
                <line number="86" hits="0"/>
                <line number="87" hits="0"/>
                <line number="88" hits="0"/>
                <line number="89" hits="0"/>
                <line number="90" hits="0"/>
                <line number="91" hits="0"/>
                <line number="92" hits="0"/>
                <line number="93" hits="0"/>
                <line number="94" hits="0"/>
                <line number="95" hits="0"/>
                <line number="96" hits="0"/>
                <line number="97" hits="0"/>
                <line number="98" hits="0"/>
                <line number="99" hits="0"/>
                <line number="100" hits="0"/>
                <line number="101" hits="0"/>
                <line number="102" hits="0"/>
                <line number="103" hits="0"/>
                <line number="104" hits="0"/>
                <line number="105" hits="0"/>
                <line number="106" hits="0"/>
                <line number="107" hits="0"/>
              </lines>
            </method>
            <method name="getRowNumber" signature="" line-rate="0" branch-rate="0" complexity="1">
              <lines>
                <line number="111" hits="0"/>
              </lines>
            </method>
            <method name="setupColumnWidth" signature="" line-rate="0" branch-rate="0" complexity="3">
              <lines>
                <line number="116" hits="0"/>
                <line number="117" hits="0"/>
                <line number="118" hits="0"/>
                <line number="119" hits="0"/>
                <line number="120" hits="0"/>
                <line number="121" hits="0"/>
                <line number="122" hits="0"/>
                <line number="123" hits="0"/>
                <line number="125" hits="0"/>
              </lines>
            </method>
            <method name="writeWorkBook" signature="$type" line-rate="0" branch-rate="0" complexity="2">
              <lines>
                <line number="151" hits="0"/>
                <line number="154" hits="0"/>
                <line number="158" hits="0"/>
                <line number="161" hits="0"/>
              </lines>
            </method>
          </methods>
          <lines>
            <line number="16" hits="0"/>
            <line number="17" hits="0"/>
            <line number="18" hits="0"/>
            <line number="19" hits="0"/>
            <line number="21" hits="0"/>
            <line number="25" hits="0"/>
            <line number="28" hits="0"/>
            <line number="29" hits="0"/>
            <line number="33" hits="0"/>
            <line number="34" hits="0"/>
            <line number="39" hits="0"/>
            <line number="40" hits="0"/>
            <line number="41" hits="0"/>
            <line number="42" hits="0"/>
            <line number="43" hits="0"/>
            <line number="44" hits="0"/>
            <line number="45" hits="0"/>
            <line number="51" hits="0"/>
            <line number="52" hits="0"/>
            <line number="53" hits="0"/>
            <line number="55" hits="0"/>
            <line number="56" hits="0"/>
            <line number="57" hits="0"/>
            <line number="58" hits="0"/>
            <line number="59" hits="0"/>
            <line number="65" hits="0"/>
            <line number="66" hits="0"/>
            <line number="67" hits="0"/>
            <line number="68" hits="0"/>
            <line number="69" hits="0"/>
            <line number="70" hits="0"/>
            <line number="71" hits="0"/>
            <line number="72" hits="0"/>
            <line number="73" hits="0"/>
            <line number="74" hits="0"/>
            <line number="75" hits="0"/>
            <line number="76" hits="0"/>
            <line number="77" hits="0"/>
            <line number="78" hits="0"/>
            <line number="79" hits="0"/>
            <line number="80" hits="0"/>
            <line number="81" hits="0"/>
            <line number="82" hits="0"/>
            <line number="83" hits="0"/>
            <line number="84" hits="0"/>
            <line number="85" hits="0"/>
            <line number="86" hits="0"/>
            <line number="87" hits="0"/>
            <line number="88" hits="0"/>
            <line number="89" hits="0"/>
            <line number="90" hits="0"/>
            <line number="91" hits="0"/>
            <line number="92" hits="0"/>
            <line number="93" hits="0"/>
            <line number="94" hits="0"/>
            <line number="95" hits="0"/>
            <line number="96" hits="0"/>
            <line number="97" hits="0"/>
            <line number="98" hits="0"/>
            <line number="99" hits="0"/>
            <line number="100" hits="0"/>
            <line number="101" hits="0"/>
            <line number="102" hits="0"/>
            <line number="103" hits="0"/>
            <line number="104" hits="0"/>
            <line number="105" hits="0"/>
            <line number="106" hits="0"/>
            <line number="107" hits="0"/>
            <line number="111" hits="0"/>
            <line number="116" hits="0"/>
            <line number="117" hits="0"/>
            <line number="118" hits="0"/>
            <line number="119" hits="0"/>
            <line number="120" hits="0"/>
            <line number="121" hits="0"/>
            <line number="122" hits="0"/>
            <line number="123" hits="0"/>
            <line number="125" hits="0"/>
            <line number="151" hits="0"/>
            <line number="154" hits="0"/>
            <line number="158" hits="0"/>
            <line number="161" hits="0"/>
          </lines>
        </class>
      </classes>
    </package>
    <package name="excel/JobApplicationExcelWriter.php" line-rate="0" branch-rate="0" complexity="5">
      <classes>
        <class name="JobApplicationExcelWriter" filename="excel/JobApplicationExcelWriter.php" line-rate="0" branch-rate="0" complexity="5">
          <methods>
            <method name="__construct" signature="" line-rate="0" branch-rate="0" complexity="1">
              <lines>
                <line number="9" hits="0"/>
                <line number="10" hits="0"/>
                <line number="11" hits="0"/>
                <line number="12" hits="0"/>
                <line number="13" hits="0"/>
                <line number="14" hits="0"/>
                <line number="15" hits="0"/>
                <line number="16" hits="0"/>
                <line number="17" hits="0"/>
                <line number="18" hits="0"/>
                <line number="19" hits="0"/>
                <line number="20" hits="0"/>
                <line number="21" hits="0"/>
              </lines>
            </method>
            <method name="write" signature="$data" line-rate="0" branch-rate="0" complexity="4">
              <lines>
                <line number="26" hits="0"/>
                <line number="28" hits="0"/>
                <line number="29" hits="0"/>
                <line number="30" hits="0"/>
                <line number="31" hits="0"/>
                <line number="33" hits="0"/>
                <line number="34" hits="0"/>
                <line number="35" hits="0"/>
                <line number="36" hits="0"/>
                <line number="37" hits="0"/>
                <line number="38" hits="0"/>
              </lines>
            </method>
          </methods>
          <lines>
            <line number="9" hits="0"/>
            <line number="10" hits="0"/>
            <line number="11" hits="0"/>
            <line number="12" hits="0"/>
            <line number="13" hits="0"/>
            <line number="14" hits="0"/>
            <line number="15" hits="0"/>
            <line number="16" hits="0"/>
            <line number="17" hits="0"/>
            <line number="18" hits="0"/>
            <line number="19" hits="0"/>
            <line number="20" hits="0"/>
            <line number="21" hits="0"/>
            <line number="26" hits="0"/>
            <line number="28" hits="0"/>
            <line number="29" hits="0"/>
            <line number="30" hits="0"/>
            <line number="31" hits="0"/>
            <line number="33" hits="0"/>
            <line number="34" hits="0"/>
            <line number="35" hits="0"/>
            <line number="36" hits="0"/>
            <line number="37" hits="0"/>
            <line number="38" hits="0"/>
          </lines>
        </class>
      </classes>
    </package>
    <package name="excel/OpenDriveExcelWriter.php" line-rate="0" branch-rate="0" complexity="4">
      <classes>
        <class name="OpenDriveExcelWriter" filename="excel/OpenDriveExcelWriter.php" line-rate="0" branch-rate="0" complexity="4">
          <methods>
            <method name="__construct" signature="" line-rate="0" branch-rate="0" complexity="1">
              <lines>
                <line number="9" hits="0"/>
                <line number="10" hits="0"/>
                <line number="11" hits="0"/>
                <line number="12" hits="0"/>
                <line number="13" hits="0"/>
                <line number="14" hits="0"/>
                <line number="15" hits="0"/>
                <line number="16" hits="0"/>
                <line number="17" hits="0"/>
                <line number="18" hits="0"/>
                <line number="19" hits="0"/>
                <line number="20" hits="0"/>
              </lines>
            </method>
            <method name="write" signature="$data" line-rate="0" branch-rate="0" complexity="3">
              <lines>
                <line number="25" hits="0"/>
                <line number="27" hits="0"/>
                <line number="28" hits="0"/>
                <line number="29" hits="0"/>
                <line number="30" hits="0"/>
                <line number="32" hits="0"/>
                <line number="33" hits="0"/>
                <line number="34" hits="0"/>
                <line number="35" hits="0"/>
                <line number="36" hits="0"/>
              </lines>
            </method>
          </methods>
          <lines>
            <line number="9" hits="0"/>
            <line number="10" hits="0"/>
            <line number="11" hits="0"/>
            <line number="12" hits="0"/>
            <line number="13" hits="0"/>
            <line number="14" hits="0"/>
            <line number="15" hits="0"/>
            <line number="16" hits="0"/>
            <line number="17" hits="0"/>
            <line number="18" hits="0"/>
            <line number="19" hits="0"/>
            <line number="20" hits="0"/>
            <line number="25" hits="0"/>
            <line number="27" hits="0"/>
            <line number="28" hits="0"/>
            <line number="29" hits="0"/>
            <line number="30" hits="0"/>
            <line number="32" hits="0"/>
            <line number="33" hits="0"/>
            <line number="34" hits="0"/>
            <line number="35" hits="0"/>
            <line number="36" hits="0"/>
          </lines>
        </class>
      </classes>
    </package>
    <package name="excel/OpenJobExcelWriter.php" line-rate="0" branch-rate="0" complexity="4">
      <classes>
        <class name="OpenJobExcelWriter" filename="excel/OpenJobExcelWriter.php" line-rate="0" branch-rate="0" complexity="4">
          <methods>
            <method name="__construct" signature="" line-rate="0" branch-rate="0" complexity="1">
              <lines>
                <line number="8" hits="0"/>
                <line number="9" hits="0"/>
                <line number="10" hits="0"/>
                <line number="11" hits="0"/>
                <line number="12" hits="0"/>
                <line number="13" hits="0"/>
                <line number="14" hits="0"/>
                <line number="15" hits="0"/>
                <line number="16" hits="0"/>
                <line number="17" hits="0"/>
                <line number="18" hits="0"/>
                <line number="19" hits="0"/>
              </lines>
            </method>
            <method name="write" signature="$data" line-rate="0" branch-rate="0" complexity="3">
              <lines>
                <line number="24" hits="0"/>
                <line number="26" hits="0"/>
                <line number="27" hits="0"/>
                <line number="28" hits="0"/>
                <line number="29" hits="0"/>
                <line number="30" hits="0"/>
                <line number="31" hits="0"/>
                <line number="32" hits="0"/>
                <line number="33" hits="0"/>
              </lines>
            </method>
          </methods>
          <lines>
            <line number="8" hits="0"/>
            <line number="9" hits="0"/>
            <line number="10" hits="0"/>
            <line number="11" hits="0"/>
            <line number="12" hits="0"/>
[...]
                <line number="68" hits="0"/>
                <line number="69" hits="0"/>
                <line number="70" hits="0"/>
                <line number="71" hits="0"/>
                <line number="72" hits="0"/>
                <line number="73" hits="0"/>
                <line number="77" hits="0"/>
                <line number="80" hits="0"/>
              </lines>
            </method>
            <method name="recordMapper" signature="$mapping, $data" line-rate="0" branch-rate="0" complexity="6">
              <lines>
                <line number="84" hits="0"/>
                <line number="85" hits="0"/>
                <line number="86" hits="0"/>
                <line number="88" hits="0"/>
                <line number="89" hits="0"/>
                <line number="90" hits="0"/>
                <line number="92" hits="0"/>
                <line number="94" hits="0"/>
                <line number="99" hits="0"/>
              </lines>
            </method>
            <method name="arrayToObject" signature="array $array, $className" line-rate="0" branch-rate="0" complexity="1">
              <lines>
                <line number="104" hits="0"/>
              </lines>
            </method>
            <method name="objectToObject" signature="$instance, $className" line-rate="0" branch-rate="0" complexity="1">
              <lines>
                <line number="109" hits="0"/>
                <line number="110" hits="0"/>
                <line number="111" hits="0"/>
              </lines>
            </method>
            <method name="cast" signature="$destination, $sourceObject" line-rate="0" branch-rate="0" complexity="4">
              <lines>
                <line number="122" hits="0"/>
                <line number="123" hits="0"/>
                <line number="125" hits="0"/>
                <line number="126" hits="0"/>
                <line number="127" hits="0"/>
                <line number="128" hits="0"/>
                <line number="129" hits="0"/>
                <line number="130" hits="0"/>
                <line number="131" hits="0"/>
                <line number="132" hits="0"/>
                <line number="133" hits="0"/>
                <line number="134" hits="0"/>
                <line number="135" hits="0"/>
                <line number="137" hits="0"/>
                <line number="140" hits="0"/>
              </lines>
            </method>
            <method name="recast" signature="$className, stdClass $object" line-rate="0" branch-rate="0" complexity="3">
              <lines>
                <line number="152" hits="0"/>
                <line number="153" hits="0"/>
                <line number="155" hits="0"/>
                <line number="157" hits="0"/>
                <line number="158" hits="0"/>
                <line number="159" hits="0"/>
                <line number="161" hits="0"/>
                <line number="163" hits="0"/>
              </lines>
            </method>
            <method name="joinArrayKeyValues" signature="$key, $array" line-rate="0" branch-rate="0" complexity="7">
              <lines>
                <line number="167" hits="0"/>
                <line number="169" hits="0"/>
                <line number="170" hits="0"/>
                <line number="171" hits="0"/>
                <line number="172" hits="0"/>
                <line number="173" hits="0"/>
                <line number="175" hits="0"/>
                <line number="177" hits="0"/>
                <line number="178" hits="0"/>
                <line number="181" hits="0"/>
                <line number="183" hits="0"/>
              </lines>
            </method>
            <method name="alphaNumericRandom" signature="$length" line-rate="0" branch-rate="0" complexity="2">
              <lines>
                <line number="188" hits="0"/>
                <line number="189" hits="0"/>
                <line number="190" hits="0"/>
                <line number="191" hits="0"/>
                <line number="193" hits="0"/>
              </lines>
            </method>
            <method name="isEmpty" signature="$value" line-rate="0" branch-rate="0" complexity="6">
              <lines>
                <line number="197" hits="0"/>
                <line number="198" hits="0"/>
                <line number="200" hits="0"/>
                <line number="201" hits="0"/>
                <line number="204" hits="0"/>
                <line number="205" hits="0"/>
                <line number="208" hits="0"/>
              </lines>
            </method>
          </methods>
          <lines>
            <line number="10" hits="0"/>
            <line number="11" hits="0"/>
            <line number="13" hits="0"/>
            <line number="14" hits="0"/>
            <line number="16" hits="0"/>
            <line number="17" hits="0"/>
            <line number="19" hits="0"/>
            <line number="23" hits="0"/>
            <line number="24" hits="0"/>
            <line number="26" hits="0"/>
            <line number="27" hits="0"/>
            <line number="29" hits="0"/>
            <line number="35" hits="0"/>
            <line number="40" hits="0"/>
            <line number="41" hits="0"/>
            <line number="42" hits="0"/>
            <line number="44" hits="0"/>
            <line number="45" hits="0"/>
            <line number="47" hits="0"/>
            <line number="48" hits="0"/>
            <line number="50" hits="0"/>
            <line number="52" hits="0"/>
            <line number="57" hits="0"/>
            <line number="58" hits="0"/>
            <line number="60" hits="0"/>
            <line number="66" hits="0"/>
            <line number="67" hits="0"/>
            <line number="68" hits="0"/>
            <line number="69" hits="0"/>
            <line number="70" hits="0"/>
            <line number="71" hits="0"/>
            <line number="72" hits="0"/>
            <line number="73" hits="0"/>
            <line number="77" hits="0"/>
            <line number="80" hits="0"/>
            <line number="84" hits="0"/>
            <line number="85" hits="0"/>
            <line number="86" hits="0"/>
            <line number="88" hits="0"/>
            <line number="89" hits="0"/>
            <line number="90" hits="0"/>
            <line number="92" hits="0"/>
            <line number="94" hits="0"/>
            <line number="99" hits="0"/>
            <line number="104" hits="0"/>
            <line number="109" hits="0"/>
            <line number="110" hits="0"/>
            <line number="111" hits="0"/>
            <line number="122" hits="0"/>
            <line number="123" hits="0"/>
            <line number="125" hits="0"/>
            <line number="126" hits="0"/>
            <line number="127" hits="0"/>
            <line number="128" hits="0"/>
            <line number="129" hits="0"/>
            <line number="130" hits="0"/>
            <line number="131" hits="0"/>
            <line number="132" hits="0"/>
            <line number="133" hits="0"/>
            <line number="134" hits="0"/>
            <line number="135" hits="0"/>
            <line number="137" hits="0"/>
            <line number="140" hits="0"/>
            <line number="152" hits="0"/>
            <line number="153" hits="0"/>
            <line number="155" hits="0"/>
            <line number="157" hits="0"/>
            <line number="158" hits="0"/>
            <line number="159" hits="0"/>
            <line number="161" hits="0"/>
            <line number="163" hits="0"/>
            <line number="167" hits="0"/>
            <line number="169" hits="0"/>
            <line number="170" hits="0"/>
            <line number="171" hits="0"/>
            <line number="172" hits="0"/>
            <line number="173" hits="0"/>
            <line number="175" hits="0"/>
            <line number="177" hits="0"/>
            <line number="178" hits="0"/>
            <line number="181" hits="0"/>
            <line number="183" hits="0"/>
            <line number="188" hits="0"/>
            <line number="189" hits="0"/>
            <line number="190" hits="0"/>
            <line number="191" hits="0"/>
            <line number="193" hits="0"/>
            <line number="197" hits="0"/>
            <line number="198" hits="0"/>
            <line number="200" hits="0"/>
            <line number="201" hits="0"/>
            <line number="204" hits="0"/>
            <line number="205" hits="0"/>
            <line number="208" hits="0"/>
          </lines>
        </class>
      </classes>
    </package>
    <package name="utils/PagingHelper.php" line-rate="0" branch-rate="0" complexity="14">
      <classes>
        <class name="PagingHelper" filename="utils/PagingHelper.php" line-rate="0" branch-rate="0" complexity="14">
          <methods>
            <method name="__construct" signature="$limit" line-rate="0" branch-rate="0" complexity="2">
              <lines>
                <line number="8" hits="0"/>
                <line number="9" hits="0"/>
                <line number="11" hits="0"/>
              </lines>
            </method>
            <method name="getTotalPages" signature="$records" line-rate="0" branch-rate="0" complexity="3">
              <lines>
                <line number="22" hits="0"/>
                <line number="23" hits="0"/>
                <line number="24" hits="0"/>
                <line number="25" hits="0"/>
                <line number="27" hits="0"/>
                <line number="29" hits="0"/>
              </lines>
            </method>
            <method name="getOffset" signature="$pageNo" line-rate="0" branch-rate="0" complexity="4">
              <lines>
                <line number="37" hits="0"/>
                <line number="38" hits="0"/>
                <line number="39" hits="0"/>
                <line number="40" hits="0"/>
                <line number="42" hits="0"/>
                <line number="44" hits="0"/>
              </lines>
            </method>
            <method name="getLimit" signature="" line-rate="0" branch-rate="0" complexity="1">
              <lines>
                <line number="52" hits="0"/>
              </lines>
            </method>
            <method name="getPageData" signature="$pageNo, $records" line-rate="0" branch-rate="0" complexity="4">
              <lines>
                <line number="60" hits="0"/>
                <line number="61" hits="0"/>
                <line number="62" hits="0"/>
                <line number="63" hits="0"/>
                <line number="65" hits="0"/>
              </lines>
            </method>
          </methods>
          <lines>
            <line number="8" hits="0"/>
            <line number="9" hits="0"/>
            <line number="11" hits="0"/>
            <line number="22" hits="0"/>
            <line number="23" hits="0"/>
            <line number="24" hits="0"/>
            <line number="25" hits="0"/>
            <line number="27" hits="0"/>
            <line number="29" hits="0"/>
            <line number="37" hits="0"/>
            <line number="38" hits="0"/>
            <line number="39" hits="0"/>
            <line number="40" hits="0"/>
            <line number="42" hits="0"/>
            <line number="44" hits="0"/>
            <line number="52" hits="0"/>
            <line number="60" hits="0"/>
            <line number="61" hits="0"/>
            <line number="62" hits="0"/>
            <line number="63" hits="0"/>
            <line number="65" hits="0"/>
          </lines>
        </class>
      </classes>
    </package>
    <package name="utils/PasswordHelper.php" line-rate="0" branch-rate="0" complexity="11">
      <classes>
        <class name="PasswordHelper" filename="utils/PasswordHelper.php" line-rate="0" branch-rate="0" complexity="11">
          <methods>
            <method name="validate" signature="$passwd, $rpasswd" line-rate="0" branch-rate="0" complexity="6">
              <lines>
                <line number="14" hits="0"/>
                <line number="15" hits="0"/>
                <line number="16" hits="0"/>
                <line number="19" hits="0"/>
                <line number="20" hits="0"/>
                <line number="23" hits="0"/>
                <line number="24" hits="0"/>
                <line number="26" hits="0"/>
              </lines>
            </method>
            <method name="getPasswdHash" signature="$password" line-rate="0" branch-rate="0" complexity="3">
              <lines>
                <line number="35" hits="0"/>
                <line number="37" hits="0"/>
                <line number="40" hits="0"/>
                <line number="44" hits="0"/>
                <line number="45" hits="0"/>
                <line number="46" hits="0"/>
                <line number="48" hits="0"/>
              </lines>
            </method>
            <method name="validatePasswd" signature="$passwd, $hash" line-rate="0" branch-rate="0" complexity="2">
              <lines>
                <line number="59" hits="0"/>
                <line number="60" hits="0"/>
                <line number="62" hits="0"/>
              </lines>
            </method>
          </methods>
          <lines>
            <line number="14" hits="0"/>
            <line number="15" hits="0"/>
            <line number="16" hits="0"/>
            <line number="19" hits="0"/>
            <line number="20" hits="0"/>
            <line number="23" hits="0"/>
            <line number="24" hits="0"/>
            <line number="26" hits="0"/>
            <line number="35" hits="0"/>
            <line number="37" hits="0"/>
            <line number="40" hits="0"/>
            <line number="44" hits="0"/>
            <line number="45" hits="0"/>
            <line number="46" hits="0"/>
            <line number="48" hits="0"/>
            <line number="59" hits="0"/>
            <line number="60" hits="0"/>
            <line number="62" hits="0"/>
          </lines>
        </class>
      </classes>
    </package>
    <package name="utils/ServiceAccessFilter.php" line-rate="0" branch-rate="0" complexity="33">
      <classes>
        <class name="ServiceAccessFilter" filename="utils/ServiceAccessFilter.php" line-rate="0" branch-rate="0" complexity="33">
          <methods>
            <method name="getDBHelper" signature="" line-rate="0" branch-rate="0" complexity="2">
              <lines>
                <line number="11" hits="0"/>
                <line number="12" hits="0"/>
                <line number="14" hits="0"/>
              </lines>
            </method>
            <method name="validate" signature="$context, $iscore" line-rate="0" branch-rate="0" complexity="12">
              <lines>
                <line number="26" hits="0"/>
                <line number="27" hits="0"/>
                <line number="29" hits="0"/>
                <line number="30" hits="0"/>
                <line number="31" hits="0"/>
                <line number="32" hits="0"/>
                <line number="34" hits="0"/>
                <line number="35" hits="0"/>
                <line number="39" hits="0"/>
                <line number="41" hits="0"/>
                <line number="42" hits="0"/>
                <line number="43" hits="0"/>
                <line number="44" hits="0"/>
                <line number="45" hits="0"/>
                <line number="46" hits="0"/>
                <line number="49" hits="0"/>
                <line number="50" hits="0"/>
                <line number="53" hits="0"/>
                <line number="54" hits="0"/>
                <line number="57" hits="0"/>
                <line number="58" hits="0"/>
                <line number="60" hits="0"/>
                <line number="61" hits="0"/>
                <line number="63" hits="0"/>
                <line number="67" hits="0"/>
              </lines>
            </method>
            <method name="validateGetRequest" signature="$iscore" line-rate="0" branch-rate="0" complexity="4">
              <lines>
                <line number="74" hits="0"/>
                <line number="75" hits="0"/>
                <line number="76" hits="0"/>
                <line number="77" hits="0"/>
                <line number="78" hits="0"/>
              </lines>
            </method>
            <method name="validatePostRequest" signature="$iscore" line-rate="0" branch-rate="0" complexity="4">
              <lines>
                <line number="85" hits="0"/>
                <line number="86" hits="0"/>
                <line number="87" hits="0"/>
                <line number="88" hits="0"/>
                <line number="89" hits="0"/>
              </lines>
            </method>
            <method name="validateJsonRequest" signature="$json, $iscore" line-rate="0" branch-rate="0" complexity="6">
              <lines>
                <line number="96" hits="0"/>
                <line number="97" hits="0"/>
                <line number="98" hits="0"/>
                <line number="99" hits="0"/>
                <line number="100" hits="0"/>
                <line number="102" hits="0"/>
              </lines>
            </method>
            <method name="validateHeader" signature="$iscore" line-rate="0" branch-rate="0" complexity="5">
              <lines>
                <line number="109" hits="0"/>
                <line number="113" hits="0"/>
                <line number="114" hits="0"/>
                <line number="115" hits="0"/>
                <line number="116" hits="0"/>
                <line number="117" hits="0"/>
                <line number="118" hits="0"/>
                <line number="121" hits="0"/>
              </lines>
            </method>
          </methods>
          <lines>
            <line number="11" hits="0"/>
            <line number="12" hits="0"/>
            <line number="14" hits="0"/>
            <line number="26" hits="0"/>
            <line number="27" hits="0"/>
            <line number="29" hits="0"/>
            <line number="30" hits="0"/>
            <line number="31" hits="0"/>
            <line number="32" hits="0"/>
            <line number="34" hits="0"/>
            <line number="35" hits="0"/>
            <line number="39" hits="0"/>
            <line number="41" hits="0"/>
            <line number="42" hits="0"/>
            <line number="43" hits="0"/>
            <line number="44" hits="0"/>
            <line number="45" hits="0"/>
            <line number="46" hits="0"/>
            <line number="49" hits="0"/>
            <line number="50" hits="0"/>
            <line number="53" hits="0"/>
            <line number="54" hits="0"/>
            <line number="57" hits="0"/>
            <line number="58" hits="0"/>
            <line number="60" hits="0"/>
            <line number="61" hits="0"/>
            <line number="63" hits="0"/>
            <line number="67" hits="0"/>
            <line number="74" hits="0"/>
            <line number="75" hits="0"/>
            <line number="76" hits="0"/>
            <line number="77" hits="0"/>
            <line number="78" hits="0"/>
            <line number="85" hits="0"/>
            <line number="86" hits="0"/>
            <line number="87" hits="0"/>
            <line number="88" hits="0"/>
            <line number="89" hits="0"/>
            <line number="96" hits="0"/>
            <line number="97" hits="0"/>
            <line number="98" hits="0"/>
            <line number="99" hits="0"/>
            <line number="100" hits="0"/>
            <line number="102" hits="0"/>
            <line number="109" hits="0"/>
            <line number="113" hits="0"/>
            <line number="114" hits="0"/>
            <line number="115" hits="0"/>
            <line number="116" hits="0"/>
            <line number="117" hits="0"/>
            <line number="118" hits="0"/>
            <line number="121" hits="0"/>
          </lines>
        </class>
      </classes>
    </package>
  </packages>
</coverage>
